<?xml version="1.0" encoding="UTF-8"?>
<!-- Generated by org.testng.reporters.JUnitReportReporter -->
<testsuite hostname="TWINSSTAR-DELL012024" failures="0" tests="8" name="testScripts.Language_03" time="25.761" errors="0" timestamp="2025-10-31T13:43:41 IST" skipped="0">
  <testcase classname="testScripts.Language_03" name="RadioBtn" time="3.017"/>
  <testcase classname="testScripts.Language_03" name="Language_Count" time="0.254"/>
  <testcase classname="testScripts.Language_03" name="Withoutsel_language" time="1.090"/>
  <testcase classname="testScripts.Language_03" name="choose_Lag_Java" time="2.759"/>
  <testcase classname="testScripts.Language_03" name="choose_Lag_C_CPlus" time="2.860"/>
  <testcase classname="testScripts.Language_03" name="choose_Lag_CSharp" time="2.144"/>
  <testcase classname="testScripts.Language_03" name="choose_Lag_C_JavaScript" time="2.948"/>
  <testcase classname="testScripts.Language_03" name="Back" time="10.689"/>
</testsuite> <!-- testScripts.Language_03 -->
