<?xml version="1.0" encoding="UTF-8"?>
<!-- Generated by org.testng.reporters.JUnitReportReporter -->
<testsuite hostname="TWINSSTAR-DELL012024" failures="0" tests="2" name="practice_App.Scale_Image_07" time="7.245" errors="0" timestamp="2025-10-29T17:03:18 IST" skipped="0">
  <testcase classname="practice_App.Scale_Image_07" name="Image_Deduction" time="7.102"/>
  <testcase classname="practice_App.Scale_Image_07" name="CaptureImage" time="0.143"/>
</testsuite> <!-- practice_App.Scale_Image_07 -->
