<?xml version="1.0" encoding="UTF-8"?>
<!-- Generated by org.testng.reporters.JUnitReportReporter -->
<testsuite hostname="TWINSSTAR-DELL012024" failures="0" tests="6" name="testScripts.Gesture_SDemo" time="21.415" errors="0" timestamp="2025-10-31T13:43:41 IST" skipped="0">
  <testcase classname="testScripts.Gesture_SDemo" name="singleTap" time="3.154"/>
  <testcase classname="testScripts.Gesture_SDemo" name="doubleTap" time="1.818"/>
  <testcase classname="testScripts.Gesture_SDemo" name="longTap" time="2.992"/>
  <testcase classname="testScripts.Gesture_SDemo" name="dragAndDrop" time="2.417"/>
  <testcase classname="testScripts.Gesture_SDemo" name="navigateBack" time="0.001"/>
  <testcase classname="testScripts.Gesture_SDemo" name="Back" time="11.033"/>
</testsuite> <!-- testScripts.Gesture_SDemo -->
