<?xml version="1.0" encoding="UTF-8"?>
<!-- Generated by org.testng.reporters.JUnitReportReporter -->
<testsuite hostname="TWINSSTAR-DELL012024" failures="0" tests="4" name="testScripts.WebView" time="17.881" errors="0" timestamp="2025-10-31T13:43:41 IST" skipped="0">
  <testcase classname="testScripts.WebView" name="verifyGoButtonWithoutURL" time="5.234"/>
  <testcase classname="testScripts.WebView" name="verifyClearButtonWithoutURL" time="3.957"/>
  <testcase classname="testScripts.WebView" name="verifyWebNavigationFlow" time="8.589"/>
  <testcase classname="testScripts.WebView" name="navigateBack" time="0.101"/>
</testsuite> <!-- testScripts.WebView -->
