<?xml version="1.0" encoding="UTF-8"?>
<!-- Generated by org.testng.reporters.JUnitReportReporter -->
<testsuite hostname="TWINSSTAR-DELL012024" failures="0" tests="1" name="practice_App.Countries_List_04" time="51.724" errors="1" timestamp="2025-10-29T17:03:18 IST" skipped="0">
  <testcase classname="practice_App.Countries_List_04" name="getCountriesList" time="51.724">
    <error message="Could not proxy command to the remote server. Original error: socket hang up
Build info: version: &#039;4.21.0&#039;, revision: &#039;79ed462ef4&#039;
System info: os.name: &#039;Windows 11&#039;, os.arch: &#039;amd64&#039;, os.version: &#039;10.0&#039;, java.version: &#039;21.0.8&#039;
Driver info: io.appium.java_client.android.AndroidDriver
Command: [29ae3385-56c8-474d-94e4-70784415158a, findElement {using=-android uiautomator, value=new UiScrollable(new UiSelector().scrollable(true)).scrollForward()}]
Capabilities {appium:appActivity: com.expandtesting.practice...., appium:appPackage: com.expandtesting.practice, appium:automationName: UiAutomator2, appium:databaseEnabled: false, appium:desired: {appActivity: com.expandtesting.practice...., appPackage: com.expandtesting.practice, automationName: UiAutomator2, deviceName: vivo 1915, platformName: ANDROID, platformVersion: 12.0, udid: YHB6TOS4Q8W8PF9X}, appium:deviceApiLevel: 31, appium:deviceManufacturer: vivo, appium:deviceModel: vivo 1915, appium:deviceName: YHB6TOS4Q8W8PF9X, appium:deviceScreenDensity: 480, appium:deviceScreenSize: 1080x2340, appium:deviceUDID: YHB6TOS4Q8W8PF9X, appium:javascriptEnabled: true, appium:locationContextEnabled: false, appium:networkConnectionEnabled: true, appium:pixelRatio: 3, appium:platformVersion: 12, appium:statBarHeight: 84, appium:takesScreenshot: true, appium:udid: YHB6TOS4Q8W8PF9X, appium:viewportRect: {height: 2256, left: 0, top: 84, width: 1080}, appium:warnings: {}, appium:webStorageEnabled: false, platformName: ANDROID}
Session ID: 29ae3385-56c8-474d-94e4-70784415158a" type="org.openqa.selenium.WebDriverException">
      <![CDATA[org.openqa.selenium.WebDriverException: Could not proxy command to the remote server. Original error: socket hang up
Build info: version: '4.21.0', revision: '79ed462ef4'
System info: os.name: 'Windows 11', os.arch: 'amd64', os.version: '10.0', java.version: '21.0.8'
Driver info: io.appium.java_client.android.AndroidDriver
Command: [29ae3385-56c8-474d-94e4-70784415158a, findElement {using=-android uiautomator, value=new UiScrollable(new UiSelector().scrollable(true)).scrollForward()}]
Capabilities {appium:appActivity: com.expandtesting.practice...., appium:appPackage: com.expandtesting.practice, appium:automationName: UiAutomator2, appium:databaseEnabled: false, appium:desired: {appActivity: com.expandtesting.practice...., appPackage: com.expandtesting.practice, automationName: UiAutomator2, deviceName: vivo 1915, platformName: ANDROID, platformVersion: 12.0, udid: YHB6TOS4Q8W8PF9X}, appium:deviceApiLevel: 31, appium:deviceManufacturer: vivo, appium:deviceModel: vivo 1915, appium:deviceName: YHB6TOS4Q8W8PF9X, appium:deviceScreenDensity: 480, appium:deviceScreenSize: 1080x2340, appium:deviceUDID: YHB6TOS4Q8W8PF9X, appium:javascriptEnabled: true, appium:locationContextEnabled: false, appium:networkConnectionEnabled: true, appium:pixelRatio: 3, appium:platformVersion: 12, appium:statBarHeight: 84, appium:takesScreenshot: true, appium:udid: YHB6TOS4Q8W8PF9X, appium:viewportRect: {height: 2256, left: 0, top: 84, width: 1080}, appium:warnings: {}, appium:webStorageEnabled: false, platformName: ANDROID}
Session ID: 29ae3385-56c8-474d-94e4-70784415158a
at java.base/jdk.internal.reflect.DirectConstructorHandleAccessor.newInstance(DirectConstructorHandleAccessor.java:62)
at java.base/java.lang.reflect.Constructor.newInstanceWithCaller(Constructor.java:502)
at java.base/java.lang.reflect.Constructor.newInstance(Constructor.java:486)
at org.openqa.selenium.remote.ErrorCodec.decode(ErrorCodec.java:167)
at org.openqa.selenium.remote.codec.w3c.W3CHttpResponseCodec.decode(W3CHttpResponseCodec.java:138)
at org.openqa.selenium.remote.codec.w3c.W3CHttpResponseCodec.decode(W3CHttpResponseCodec.java:50)
at org.openqa.selenium.remote.HttpCommandExecutor.execute(HttpCommandExecutor.java:190)
at io.appium.java_client.remote.AppiumCommandExecutor.execute(AppiumCommandExecutor.java:237)
at org.openqa.selenium.remote.RemoteWebDriver.execute(RemoteWebDriver.java:518)
at org.openqa.selenium.remote.ElementLocation$ElementFinder$2.findElement(ElementLocation.java:165)
at org.openqa.selenium.remote.ElementLocation.findElement(ElementLocation.java:59)
at org.openqa.selenium.remote.RemoteWebDriver.findElement(RemoteWebDriver.java:355)
at org.openqa.selenium.remote.RemoteWebDriver.findElement(RemoteWebDriver.java:349)
at base_Backage.BaseClass.scrollDown(BaseClass.java:81)
at practice_App.Countries_List_04.getCountriesList(Countries_List_04.java:40)
at java.base/jdk.internal.reflect.DirectMethodHandleAccessor.invoke(DirectMethodHandleAccessor.java:103)
at java.base/java.lang.reflect.Method.invoke(Method.java:580)
at org.testng.internal.invokers.MethodInvocationHelper.invokeMethod(MethodInvocationHelper.java:141)
at org.testng.internal.invokers.TestInvoker.invokeMethod(TestInvoker.java:686)
at org.testng.internal.invokers.TestInvoker.invokeTestMethod(TestInvoker.java:230)
at org.testng.internal.invokers.MethodRunner.runInSequence(MethodRunner.java:63)
at org.testng.internal.invokers.TestInvoker$MethodInvocationAgent.invoke(TestInvoker.java:992)
at org.testng.internal.invokers.TestInvoker.invokeTestMethods(TestInvoker.java:203)
at org.testng.internal.invokers.TestMethodWorker.invokeTestMethods(TestMethodWorker.java:154)
at org.testng.internal.invokers.TestMethodWorker.run(TestMethodWorker.java:134)
at java.base/java.util.ArrayList.forEach(ArrayList.java:1596)
at org.testng.TestRunner.privateRun(TestRunner.java:739)
at org.testng.TestRunner.run(TestRunner.java:614)
at org.testng.SuiteRunner.runTest(SuiteRunner.java:421)
at org.testng.SuiteRunner.runSequentially(SuiteRunner.java:413)
at org.testng.SuiteRunner.privateRun(SuiteRunner.java:373)
at org.testng.SuiteRunner.run(SuiteRunner.java:312)
at org.testng.SuiteRunnerWorker.runSuite(SuiteRunnerWorker.java:52)
at org.testng.SuiteRunnerWorker.run(SuiteRunnerWorker.java:95)
at org.testng.TestNG.runSuitesSequentially(TestNG.java:1274)
at org.testng.TestNG.runSuitesLocally(TestNG.java:1208)
at org.testng.TestNG.runSuites(TestNG.java:1112)
at org.testng.TestNG.run(TestNG.java:1079)
at org.testng.remote.AbstractRemoteTestNG.run(AbstractRemoteTestNG.java:115)
at org.testng.remote.RemoteTestNG.initAndRun(RemoteTestNG.java:293)
at org.testng.remote.RemoteTestNG.main(RemoteTestNG.java:91)
]]>
    </error>
  </testcase> <!-- getCountriesList -->
</testsuite> <!-- practice_App.Countries_List_04 -->
