<?xml version="1.0" encoding="UTF-8"?>
<!-- Generated by org.testng.reporters.JUnitReportReporter -->
<testsuite hostname="TWINSSTAR-DELL012024" failures="0" tests="1" name="testScripts.Alert" time="2.500" errors="0" timestamp="2025-10-31T13:43:41 IST" skipped="0">
  <testcase classname="testScripts.Alert" name="handleNativeAlert" time="2.500"/>
</testsuite> <!-- testScripts.Alert -->
