<?xml version="1.0" encoding="UTF-8"?>
<!-- Generated by org.testng.reporters.JUnitReportReporter -->
<testsuite hostname="TWINSSTAR-DELL012024" failures="0" tests="3" name="testScripts.Scale_Image_07" time="2.789" errors="0" timestamp="2025-10-31T13:43:41 IST" skipped="0">
  <testcase classname="testScripts.Scale_Image_07" name="Image_Deduction" time="2.027"/>
  <testcase classname="testScripts.Scale_Image_07" name="CaptureImage" time="0.110"/>
  <testcase classname="testScripts.Scale_Image_07" name="Back" time="0.652"/>
</testsuite> <!-- testScripts.Scale_Image_07 -->
