<?xml version="1.0" encoding="UTF-8"?>
<!-- Generated by org.testng.reporters.JUnitReportReporter -->
<testsuite hostname="TWINSSTAR-DELL012024" failures="0" tests="3" name="testScripts.ECHO_Message" time="8.605" errors="0" timestamp="2025-10-31T13:43:41 IST" skipped="0">
  <testcase classname="testScripts.ECHO_Message" name="echo_Message_btn" time="2.564"/>
  <testcase classname="testScripts.ECHO_Message" name="TestBoxValidation" time="5.158"/>
  <testcase classname="testScripts.ECHO_Message" name="Back" time="0.883"/>
</testsuite> <!-- testScripts.ECHO_Message -->
