<?xml version="1.0" encoding="UTF-8"?>
<!-- Generated by org.testng.reporters.JUnitReportReporter -->
<testsuite hostname="TWINSSTAR-DELL012024" failures="0" tests="2" name="practice_App.ECHO_Message" time="12.816" errors="0" timestamp="2025-10-29T17:03:18 IST" skipped="0">
  <testcase classname="practice_App.ECHO_Message" name="echo_Message_btn" time="9.307"/>
  <testcase classname="practice_App.ECHO_Message" name="TestBoxValidation" time="3.509"/>
</testsuite> <!-- practice_App.ECHO_Message -->
