<?xml version="1.0" encoding="UTF-8"?>
<!-- Generated by org.testng.reporters.JUnitReportReporter -->
<testsuite hostname="TWINSSTAR-DELL012024" failures="0" tests="4" name="practice_App.Gesture_SDemo" time="8.415" errors="0" timestamp="2025-10-29T17:03:18 IST" skipped="3">
  <testcase classname="practice_App.Gesture_SDemo" name="Single_Tap" time="8.415"/>
  <testcase classname="practice_App.Gesture_SDemo" name="Double_Tap">
    <skipped/>
  </testcase> <!-- Double_Tap -->
  <testcase classname="practice_App.Gesture_SDemo" name="Long_Tap">
    <skipped/>
  </testcase> <!-- Long_Tap -->
  <testcase classname="practice_App.Gesture_SDemo" name="Drag_And_Drop">
    <skipped/>
  </testcase> <!-- Drag_And_Drop -->
</testsuite> <!-- practice_App.Gesture_SDemo -->
