<?xml version="1.0" encoding="UTF-8"?>
<!-- Generated by org.testng.reporters.JUnitReportReporter -->
<testsuite hostname="TWINSSTAR-DELL012024" failures="0" tests="1" name="practice_App.Alert" time="7.107" errors="0" timestamp="2025-10-29T17:03:18 IST" skipped="0">
  <testcase classname="practice_App.Alert" name="handleNativeAlert" time="7.107"/>
</testsuite> <!-- practice_App.Alert -->
